mode: set
github.com/gcapodicimeli/backpack-bcgow6-gianfranco-capodici/arquitectura_web_testing/internal/users/repository.go:37.47,41.2 1 1
github.com/gcapodicimeli/backpack-bcgow6-gianfranco-capodici/arquitectura_web_testing/internal/users/repository.go:43.47,46.16 3 1
github.com/gcapodicimeli/backpack-bcgow6-gianfranco-capodici/arquitectura_web_testing/internal/users/repository.go:49.2,49.16 1 1
github.com/gcapodicimeli/backpack-bcgow6-gianfranco-capodici/arquitectura_web_testing/internal/users/repository.go:46.16,48.3 1 0
github.com/gcapodicimeli/backpack-bcgow6-gianfranco-capodici/arquitectura_web_testing/internal/users/repository.go:52.137,54.16 2 0
github.com/gcapodicimeli/backpack-bcgow6-gianfranco-capodici/arquitectura_web_testing/internal/users/repository.go:57.2,60.39 3 0
github.com/gcapodicimeli/backpack-bcgow6-gianfranco-capodici/arquitectura_web_testing/internal/users/repository.go:65.2,65.8 1 0
github.com/gcapodicimeli/backpack-bcgow6-gianfranco-capodici/arquitectura_web_testing/internal/users/repository.go:54.16,56.3 1 0
github.com/gcapodicimeli/backpack-bcgow6-gianfranco-capodici/arquitectura_web_testing/internal/users/repository.go:60.39,62.3 1 0
github.com/gcapodicimeli/backpack-bcgow6-gianfranco-capodici/arquitectura_web_testing/internal/users/repository.go:68.44,70.39 2 0
github.com/gcapodicimeli/backpack-bcgow6-gianfranco-capodici/arquitectura_web_testing/internal/users/repository.go:73.2,73.18 1 0
github.com/gcapodicimeli/backpack-bcgow6-gianfranco-capodici/arquitectura_web_testing/internal/users/repository.go:77.2,77.30 1 0
github.com/gcapodicimeli/backpack-bcgow6-gianfranco-capodici/arquitectura_web_testing/internal/users/repository.go:70.39,72.3 1 0
github.com/gcapodicimeli/backpack-bcgow6-gianfranco-capodici/arquitectura_web_testing/internal/users/repository.go:73.18,75.3 1 0
github.com/gcapodicimeli/backpack-bcgow6-gianfranco-capodici/arquitectura_web_testing/internal/users/repository.go:80.141,83.16 3 0
github.com/gcapodicimeli/backpack-bcgow6-gianfranco-capodici/arquitectura_web_testing/internal/users/repository.go:86.2,86.20 1 0
github.com/gcapodicimeli/backpack-bcgow6-gianfranco-capodici/arquitectura_web_testing/internal/users/repository.go:98.2,100.8 3 0
github.com/gcapodicimeli/backpack-bcgow6-gianfranco-capodici/arquitectura_web_testing/internal/users/repository.go:83.16,85.3 1 0
github.com/gcapodicimeli/backpack-bcgow6-gianfranco-capodici/arquitectura_web_testing/internal/users/repository.go:86.20,87.21 1 0
github.com/gcapodicimeli/backpack-bcgow6-gianfranco-capodici/arquitectura_web_testing/internal/users/repository.go:87.21,90.41 3 0
github.com/gcapodicimeli/backpack-bcgow6-gianfranco-capodici/arquitectura_web_testing/internal/users/repository.go:94.4,94.10 1 0
github.com/gcapodicimeli/backpack-bcgow6-gianfranco-capodici/arquitectura_web_testing/internal/users/repository.go:90.41,92.5 1 0
github.com/gcapodicimeli/backpack-bcgow6-gianfranco-capodici/arquitectura_web_testing/internal/users/repository.go:103.49,105.16 2 0
github.com/gcapodicimeli/backpack-bcgow6-gianfranco-capodici/arquitectura_web_testing/internal/users/repository.go:108.2,108.20 1 0
github.com/gcapodicimeli/backpack-bcgow6-gianfranco-capodici/arquitectura_web_testing/internal/users/repository.go:119.2,120.8 2 0
github.com/gcapodicimeli/backpack-bcgow6-gianfranco-capodici/arquitectura_web_testing/internal/users/repository.go:105.16,107.3 1 0
github.com/gcapodicimeli/backpack-bcgow6-gianfranco-capodici/arquitectura_web_testing/internal/users/repository.go:108.20,109.21 1 0
github.com/gcapodicimeli/backpack-bcgow6-gianfranco-capodici/arquitectura_web_testing/internal/users/repository.go:109.21,112.18 3 0
github.com/gcapodicimeli/backpack-bcgow6-gianfranco-capodici/arquitectura_web_testing/internal/users/repository.go:115.4,115.10 1 0
github.com/gcapodicimeli/backpack-bcgow6-gianfranco-capodici/arquitectura_web_testing/internal/users/repository.go:112.18,114.5 1 0
github.com/gcapodicimeli/backpack-bcgow6-gianfranco-capodici/arquitectura_web_testing/internal/users/repository.go:123.74,125.16 2 1
github.com/gcapodicimeli/backpack-bcgow6-gianfranco-capodici/arquitectura_web_testing/internal/users/repository.go:128.2,128.20 1 1
github.com/gcapodicimeli/backpack-bcgow6-gianfranco-capodici/arquitectura_web_testing/internal/users/repository.go:140.2,141.8 2 0
github.com/gcapodicimeli/backpack-bcgow6-gianfranco-capodici/arquitectura_web_testing/internal/users/repository.go:125.16,127.3 1 0
github.com/gcapodicimeli/backpack-bcgow6-gianfranco-capodici/arquitectura_web_testing/internal/users/repository.go:128.20,129.21 1 1
github.com/gcapodicimeli/backpack-bcgow6-gianfranco-capodici/arquitectura_web_testing/internal/users/repository.go:129.21,132.18 3 1
github.com/gcapodicimeli/backpack-bcgow6-gianfranco-capodici/arquitectura_web_testing/internal/users/repository.go:135.4,136.10 2 1
github.com/gcapodicimeli/backpack-bcgow6-gianfranco-capodici/arquitectura_web_testing/internal/users/repository.go:132.18,134.5 1 0
github.com/gcapodicimeli/backpack-bcgow6-gianfranco-capodici/arquitectura_web_testing/internal/users/service.go:15.39,19.2 1 0
github.com/gcapodicimeli/backpack-bcgow6-gianfranco-capodici/arquitectura_web_testing/internal/users/service.go:21.54,23.16 2 0
github.com/gcapodicimeli/backpack-bcgow6-gianfranco-capodici/arquitectura_web_testing/internal/users/service.go:27.2,27.8 1 0
github.com/gcapodicimeli/backpack-bcgow6-gianfranco-capodici/arquitectura_web_testing/internal/users/service.go:23.16,25.3 1 0
github.com/gcapodicimeli/backpack-bcgow6-gianfranco-capodici/arquitectura_web_testing/internal/users/service.go:30.129,32.16 2 0
github.com/gcapodicimeli/backpack-bcgow6-gianfranco-capodici/arquitectura_web_testing/internal/users/service.go:35.2,38.16 3 0
github.com/gcapodicimeli/backpack-bcgow6-gianfranco-capodici/arquitectura_web_testing/internal/users/service.go:42.2,42.8 1 0
github.com/gcapodicimeli/backpack-bcgow6-gianfranco-capodici/arquitectura_web_testing/internal/users/service.go:32.16,34.3 1 0
github.com/gcapodicimeli/backpack-bcgow6-gianfranco-capodici/arquitectura_web_testing/internal/users/service.go:38.16,40.3 1 0
github.com/gcapodicimeli/backpack-bcgow6-gianfranco-capodici/arquitectura_web_testing/internal/users/service.go:45.138,47.16 2 0
github.com/gcapodicimeli/backpack-bcgow6-gianfranco-capodici/arquitectura_web_testing/internal/users/service.go:50.2,50.8 1 0
github.com/gcapodicimeli/backpack-bcgow6-gianfranco-capodici/arquitectura_web_testing/internal/users/service.go:47.16,49.3 1 0
github.com/gcapodicimeli/backpack-bcgow6-gianfranco-capodici/arquitectura_web_testing/internal/users/service.go:53.46,55.16 2 0
github.com/gcapodicimeli/backpack-bcgow6-gianfranco-capodici/arquitectura_web_testing/internal/users/service.go:58.2,58.8 1 0
github.com/gcapodicimeli/backpack-bcgow6-gianfranco-capodici/arquitectura_web_testing/internal/users/service.go:55.16,57.3 1 0
github.com/gcapodicimeli/backpack-bcgow6-gianfranco-capodici/arquitectura_web_testing/internal/users/service.go:61.71,63.16 2 0
github.com/gcapodicimeli/backpack-bcgow6-gianfranco-capodici/arquitectura_web_testing/internal/users/service.go:66.2,66.8 1 0
github.com/gcapodicimeli/backpack-bcgow6-gianfranco-capodici/arquitectura_web_testing/internal/users/service.go:63.16,65.3 1 0
